<?xml version="1.0" encoding="UTF-8"?>
<testsuites>
  <testsuite name="assets-api" tests="9" assertions="9" failures="0" errors="0" time="0.219661">
    <testsuite name="AssetType_Test" file="/var/www/asset_api/src/protected/tests/models/AssetType.php" tests="9" assertions="9" failures="0" errors="0" time="0.219661">
      <testsuite name="AssetType_Test::test_getType" tests="9" assertions="9" failures="0" errors="0" time="0.219661">
        <testcase name="test_getType with data set #0" assertions="1" time="0.087617">
          <system-out>string(10) "image/jpeg"
</system-out>
        </testcase>
        <testcase name="test_getType with data set #1" assertions="1" time="0.011088">
          <system-out>string(9) "image/png"
</system-out>
        </testcase>
        <testcase name="test_getType with data set #2" assertions="1" time="0.011743">
          <system-out>string(9) "image/png"
</system-out>
        </testcase>
        <testcase name="test_getType with data set #3" assertions="1" time="0.015867">
          <system-out>string(9) "video/mp4"
</system-out>
        </testcase>
        <testcase name="test_getType with data set #4" assertions="1" time="0.025923">
          <system-out>string(15) "application/ogg"
</system-out>
        </testcase>
        <testcase name="test_getType with data set #5" assertions="1" time="0.014125">
          <system-out>string(10) "video/webm"
</system-out>
        </testcase>
        <testcase name="test_getType with data set #6" assertions="1" time="0.015120">
          <system-out>string(15) "video/quicktime"
</system-out>
        </testcase>
        <testcase name="test_getType with data set #7" assertions="1" time="0.012215">
          <system-out>string(10) "video/mpeg"
</system-out>
        </testcase>
        <testcase name="test_getType with data set #8" assertions="1" time="0.025963">
          <system-out>string(8) "text/x-c"
</system-out>
        </testcase>
      </testsuite>
    </testsuite>
  </testsuite>
</testsuites>
