<?xml version="1.0" encoding="UTF-8"?>
<testsuites>
  <testsuite name="assets-api" tests="27" assertions="35" failures="0" errors="0" time="1.385639">
    <testsuite name="AssetType_Test" file="/var/www/asset_api/src/protected/tests/models/AssetType.php" tests="9" assertions="9" failures="0" errors="0" time="0.188673">
      <testsuite name="AssetType_Test::test_getType" tests="9" assertions="9" failures="0" errors="0" time="0.188673">
        <testcase name="test_getType with data set #0" assertions="1" time="0.068181"/>
        <testcase name="test_getType with data set #1" assertions="1" time="0.010594"/>
        <testcase name="test_getType with data set #2" assertions="1" time="0.011163"/>
        <testcase name="test_getType with data set #3" assertions="1" time="0.016113"/>
        <testcase name="test_getType with data set #4" assertions="1" time="0.015068"/>
        <testcase name="test_getType with data set #5" assertions="1" time="0.017182"/>
        <testcase name="test_getType with data set #6" assertions="1" time="0.016204"/>
        <testcase name="test_getType with data set #7" assertions="1" time="0.013028"/>
        <testcase name="test_getType with data set #8" assertions="1" time="0.021140"/>
      </testsuite>
    </testsuite>
    <testsuite name="AssetController_Test" file="/var/www/asset_api/src/protected/tests/controllers/AssetController.php" tests="1" assertions="1" failures="0" errors="0" time="0.009973">
      <testcase name="test_actionIndex" class="AssetController_Test" file="/var/www/asset_api/src/protected/tests/controllers/AssetController.php" line="41" assertions="1" time="0.009973"/>
    </testsuite>
    <testsuite name="CreateController_Test" file="/var/www/asset_api/src/protected/tests/controllers/CreateController.php" tests="4" assertions="9" failures="0" errors="0" time="0.673713">
      <testcase name="test_actionIndexError" class="CreateController_Test" file="/var/www/asset_api/src/protected/tests/controllers/CreateController.php" line="132" assertions="1" time="0.002684"/>
      <testsuite name="CreateController_Test::test_actionAssetCreate" tests="3" assertions="8" failures="0" errors="0" time="0.671029">
        <testcase name="test_actionAssetCreate with data set #0" assertions="3" time="0.210494"/>
        <testcase name="test_actionAssetCreate with data set #1" assertions="4" time="0.400086"/>
        <testcase name="test_actionAssetCreate with data set #2" assertions="1" time="0.060449"/>
      </testsuite>
    </testsuite>
    <testsuite name="DeleteController_Test" file="/var/www/asset_api/src/protected/tests/controllers/DeleteController.php" tests="3" assertions="4" failures="0" errors="0" time="0.195310">
      <testsuite name="DeleteController_Test::test_actionAssetError" tests="2" assertions="2" failures="0" errors="0" time="0.003674">
        <testcase name="test_actionAssetError with data set #0" assertions="1" time="0.003356"/>
        <testcase name="test_actionAssetError with data set #1" assertions="1" time="0.000318"/>
      </testsuite>
      <testsuite name="DeleteController_Test::test_actionAssetDelete" tests="1" assertions="2" failures="0" errors="0" time="0.191636">
        <testcase name="test_actionAssetDelete with data set #0" assertions="2" time="0.191636"/>
      </testsuite>
    </testsuite>
    <testsuite name="ReadController_Test" file="/var/www/asset_api/src/protected/tests/controllers/ReadController.php" tests="6" assertions="7" failures="0" errors="0" time="0.125001">
      <testsuite name="ReadController_Test::test_actionMethodError" tests="4" assertions="4" failures="0" errors="0" time="0.004085">
        <testcase name="test_actionMethodError with data set #0" assertions="1" time="0.002636"/>
        <testcase name="test_actionMethodError with data set #1" assertions="1" time="0.000310"/>
        <testcase name="test_actionMethodError with data set #2" assertions="1" time="0.000723"/>
        <testcase name="test_actionMethodError with data set #3" assertions="1" time="0.000416"/>
      </testsuite>
      <testsuite name="ReadController_Test::test_actionAssetRead" tests="1" assertions="1" failures="0" errors="0" time="0.008729">
        <testcase name="test_actionAssetRead with data set #0" assertions="1" time="0.008729"/>
      </testsuite>
      <testsuite name="ReadController_Test::test_actionImageRead" tests="1" assertions="2" failures="0" errors="0" time="0.112187">
        <testcase name="test_actionImageRead with data set #0" assertions="2" time="0.112187"/>
      </testsuite>
    </testsuite>
    <testsuite name="UseController_Test" file="/var/www/asset_api/src/protected/tests/controllers/UseController.php" tests="3" assertions="4" failures="0" errors="0" time="0.010291">
      <testsuite name="UseController_Test::test_actionAssetError" tests="2" assertions="2" failures="0" errors="0" time="0.002837">
        <testcase name="test_actionAssetError with data set #0" assertions="1" time="0.002513"/>
        <testcase name="test_actionAssetError with data set #1" assertions="1" time="0.000324"/>
      </testsuite>
      <testsuite name="UseController_Test::test_actionAssetUse" tests="1" assertions="2" failures="0" errors="0" time="0.007454">
        <testcase name="test_actionAssetUse with data set #0" assertions="2" time="0.007454"/>
      </testsuite>
    </testsuite>
    <testsuite name="GarbageCollectionCommand_Test" file="/var/www/asset_api/src/protected/tests/commands/GarbageCollectionCommand.php" tests="1" assertions="1" failures="0" errors="0" time="0.182678">
      <testsuite name="GarbageCollectionCommand_Test::test_run" tests="1" assertions="1" failures="0" errors="0" time="0.182678">
        <testcase name="test_run with data set #0" assertions="1" time="0.182678"/>
      </testsuite>
    </testsuite>
  </testsuite>
</testsuites>
