<?xml version="1.0" encoding="UTF-8"?>
<testsuites>
  <testsuite name="assets-api" tests="27" assertions="35" failures="0" errors="0" time="1.352641">
    <testsuite name="AssetType_Test" file="/var/www/asset_api/src/protected/tests/models/AssetType.php" tests="9" assertions="9" failures="0" errors="0" time="0.195288">
      <testsuite name="AssetType_Test::test_getType" tests="9" assertions="9" failures="0" errors="0" time="0.195288">
        <testcase name="test_getType with data set #0" assertions="1" time="0.068383"/>
        <testcase name="test_getType with data set #1" assertions="1" time="0.008519"/>
        <testcase name="test_getType with data set #2" assertions="1" time="0.007408"/>
        <testcase name="test_getType with data set #3" assertions="1" time="0.016375"/>
        <testcase name="test_getType with data set #4" assertions="1" time="0.021409"/>
        <testcase name="test_getType with data set #5" assertions="1" time="0.015837"/>
        <testcase name="test_getType with data set #6" assertions="1" time="0.019159"/>
        <testcase name="test_getType with data set #7" assertions="1" time="0.024406"/>
        <testcase name="test_getType with data set #8" assertions="1" time="0.013792"/>
      </testsuite>
    </testsuite>
    <testsuite name="AssetController_Test" file="/var/www/asset_api/src/protected/tests/controllers/AssetController.php" tests="1" assertions="1" failures="0" errors="0" time="0.007177">
      <testcase name="test_actionIndex" class="AssetController_Test" file="/var/www/asset_api/src/protected/tests/controllers/AssetController.php" line="41" assertions="1" time="0.007177"/>
    </testsuite>
    <testsuite name="CreateController_Test" file="/var/www/asset_api/src/protected/tests/controllers/CreateController.php" tests="4" assertions="9" failures="0" errors="0" time="0.656600">
      <testcase name="test_actionIndexError" class="CreateController_Test" file="/var/www/asset_api/src/protected/tests/controllers/CreateController.php" line="132" assertions="1" time="0.001910"/>
      <testsuite name="CreateController_Test::test_actionAssetCreate" tests="3" assertions="8" failures="0" errors="0" time="0.654690">
        <testcase name="test_actionAssetCreate with data set #0" assertions="3" time="0.208032"/>
        <testcase name="test_actionAssetCreate with data set #1" assertions="4" time="0.401753"/>
        <testcase name="test_actionAssetCreate with data set #2" assertions="1" time="0.044905"/>
      </testsuite>
    </testsuite>
    <testsuite name="DeleteController_Test" file="/var/www/asset_api/src/protected/tests/controllers/DeleteController.php" tests="3" assertions="4" failures="0" errors="0" time="0.189293">
      <testsuite name="DeleteController_Test::test_actionAssetError" tests="2" assertions="2" failures="0" errors="0" time="0.003441">
        <testcase name="test_actionAssetError with data set #0" assertions="1" time="0.003119"/>
        <testcase name="test_actionAssetError with data set #1" assertions="1" time="0.000322"/>
      </testsuite>
      <testsuite name="DeleteController_Test::test_actionAssetDelete" tests="1" assertions="2" failures="0" errors="0" time="0.185852">
        <testcase name="test_actionAssetDelete with data set #0" assertions="2" time="0.185852"/>
      </testsuite>
    </testsuite>
    <testsuite name="ReadController_Test" file="/var/www/asset_api/src/protected/tests/controllers/ReadController.php" tests="6" assertions="7" failures="0" errors="0" time="0.117712">
      <testsuite name="ReadController_Test::test_actionMethodError" tests="4" assertions="4" failures="0" errors="0" time="0.003842">
        <testcase name="test_actionMethodError with data set #0" assertions="1" time="0.002425"/>
        <testcase name="test_actionMethodError with data set #1" assertions="1" time="0.000242"/>
        <testcase name="test_actionMethodError with data set #2" assertions="1" time="0.000824"/>
        <testcase name="test_actionMethodError with data set #3" assertions="1" time="0.000351"/>
      </testsuite>
      <testsuite name="ReadController_Test::test_actionAssetRead" tests="1" assertions="1" failures="0" errors="0" time="0.009000">
        <testcase name="test_actionAssetRead with data set #0" assertions="1" time="0.009000"/>
      </testsuite>
      <testsuite name="ReadController_Test::test_actionImageRead" tests="1" assertions="2" failures="0" errors="0" time="0.104869">
        <testcase name="test_actionImageRead with data set #0" assertions="2" time="0.104869"/>
      </testsuite>
    </testsuite>
    <testsuite name="UseController_Test" file="/var/www/asset_api/src/protected/tests/controllers/UseController.php" tests="3" assertions="4" failures="0" errors="0" time="0.009754">
      <testsuite name="UseController_Test::test_actionAssetError" tests="2" assertions="2" failures="0" errors="0" time="0.002512">
        <testcase name="test_actionAssetError with data set #0" assertions="1" time="0.002286"/>
        <testcase name="test_actionAssetError with data set #1" assertions="1" time="0.000226"/>
      </testsuite>
      <testsuite name="UseController_Test::test_actionAssetUse" tests="1" assertions="2" failures="0" errors="0" time="0.007242">
        <testcase name="test_actionAssetUse with data set #0" assertions="2" time="0.007242"/>
      </testsuite>
    </testsuite>
    <testsuite name="GarbageCollectionCommand_Test" file="/var/www/asset_api/src/protected/tests/commands/GarbageCollectionCommand.php" tests="1" assertions="1" failures="0" errors="0" time="0.176818">
      <testsuite name="GarbageCollectionCommand_Test::test_run" tests="1" assertions="1" failures="0" errors="0" time="0.176818">
        <testcase name="test_run with data set #0" assertions="1" time="0.176818"/>
      </testsuite>
    </testsuite>
  </testsuite>
</testsuites>
