<?xml version="1.0" encoding="UTF-8"?>
<testsuites>
  <testsuite name="template-generator" tests="1" assertions="1" failures="0" errors="0" time="0.001546">
    <testsuite name="WebTestCase" file="/Users/Fuzzy/milf/assetsapi/src/protected/tests/WebTestCase.php" tests="1" assertions="1" failures="0" errors="0" time="0.001546">
      <testcase name="test_true" class="WebTestCase" file="/Users/Fuzzy/milf/assetsapi/src/protected/tests/WebTestCase.php" line="18" assertions="1" time="0.001546"/>
    </testsuite>
  </testsuite>
</testsuites>
