<?xml version="1.0" encoding="UTF-8"?>
<testsuites>
  <testsuite name="assets-api" tests="31" assertions="39" failures="0" errors="0" time="1.743373">
    <testsuite name="AssetType_Test" file="/var/www/asset_api/src/protected/tests/models/AssetType.php" tests="9" assertions="9" failures="0" errors="0" time="0.206547">
      <testsuite name="AssetType_Test::test_getType" tests="9" assertions="9" failures="0" errors="0" time="0.206547">
        <testcase name="test_getType with data set #0" assertions="1" time="0.071077"/>
        <testcase name="test_getType with data set #1" assertions="1" time="0.008309"/>
        <testcase name="test_getType with data set #2" assertions="1" time="0.009847"/>
        <testcase name="test_getType with data set #3" assertions="1" time="0.017909"/>
        <testcase name="test_getType with data set #4" assertions="1" time="0.024523"/>
        <testcase name="test_getType with data set #5" assertions="1" time="0.019707"/>
        <testcase name="test_getType with data set #6" assertions="1" time="0.018999"/>
        <testcase name="test_getType with data set #7" assertions="1" time="0.015065"/>
        <testcase name="test_getType with data set #8" assertions="1" time="0.021111"/>
      </testsuite>
    </testsuite>
    <testsuite name="AssetController_Test" file="/var/www/asset_api/src/protected/tests/controllers/AssetController.php" tests="1" assertions="1" failures="0" errors="0" time="0.008359">
      <testcase name="test_actionIndex" class="AssetController_Test" file="/var/www/asset_api/src/protected/tests/controllers/AssetController.php" line="41" assertions="1" time="0.008359"/>
    </testsuite>
    <testsuite name="CreateController_Test" file="/var/www/asset_api/src/protected/tests/controllers/CreateController.php" tests="4" assertions="9" failures="0" errors="0" time="0.733307">
      <testcase name="test_actionIndexError" class="CreateController_Test" file="/var/www/asset_api/src/protected/tests/controllers/CreateController.php" line="132" assertions="1" time="0.002249"/>
      <testsuite name="CreateController_Test::test_actionAssetCreate" tests="3" assertions="8" failures="0" errors="0" time="0.731058">
        <testcase name="test_actionAssetCreate with data set #0" assertions="3" time="0.227012"/>
        <testcase name="test_actionAssetCreate with data set #1" assertions="4" time="0.425980"/>
        <testcase name="test_actionAssetCreate with data set #2" assertions="1" time="0.078066"/>
      </testsuite>
    </testsuite>
    <testsuite name="DeleteController_Test" file="/var/www/asset_api/src/protected/tests/controllers/DeleteController.php" tests="3" assertions="4" failures="0" errors="0" time="0.209879">
      <testsuite name="DeleteController_Test::test_actionAssetError" tests="2" assertions="2" failures="0" errors="0" time="0.002530">
        <testcase name="test_actionAssetError with data set #0" assertions="1" time="0.002255"/>
        <testcase name="test_actionAssetError with data set #1" assertions="1" time="0.000275"/>
      </testsuite>
      <testsuite name="DeleteController_Test::test_actionAssetDelete" tests="1" assertions="2" failures="0" errors="0" time="0.207349">
        <testcase name="test_actionAssetDelete with data set #0" assertions="2" time="0.207349"/>
      </testsuite>
    </testsuite>
    <testsuite name="QueryController_Test" file="/var/www/asset_api/src/protected/tests/controllers/QueryController.php" tests="4" assertions="4" failures="0" errors="0" time="0.248119">
      <testsuite name="QueryController_Test::test_actionAsset" tests="3" assertions="3" failures="0" errors="0" time="0.247465">
        <testcase name="test_actionAsset with data set #0" assertions="1" time="0.083762"/>
        <testcase name="test_actionAsset with data set #1" assertions="1" time="0.081231"/>
        <testcase name="test_actionAsset with data set #2" assertions="1" time="0.082472"/>
      </testsuite>
      <testcase name="test_actionAssetError" class="QueryController_Test" file="/var/www/asset_api/src/protected/tests/controllers/QueryController.php" line="134" assertions="1" time="0.000654"/>
    </testsuite>
    <testsuite name="ReadController_Test" file="/var/www/asset_api/src/protected/tests/controllers/ReadController.php" tests="6" assertions="7" failures="0" errors="0" time="0.126325">
      <testsuite name="ReadController_Test::test_actionMethodError" tests="4" assertions="4" failures="0" errors="0" time="0.004930">
        <testcase name="test_actionMethodError with data set #0" assertions="1" time="0.003444"/>
        <testcase name="test_actionMethodError with data set #1" assertions="1" time="0.000271"/>
        <testcase name="test_actionMethodError with data set #2" assertions="1" time="0.000678"/>
        <testcase name="test_actionMethodError with data set #3" assertions="1" time="0.000537"/>
      </testsuite>
      <testsuite name="ReadController_Test::test_actionAssetRead" tests="1" assertions="1" failures="0" errors="0" time="0.008518">
        <testcase name="test_actionAssetRead with data set #0" assertions="1" time="0.008518"/>
      </testsuite>
      <testsuite name="ReadController_Test::test_actionImageRead" tests="1" assertions="2" failures="0" errors="0" time="0.112877">
        <testcase name="test_actionImageRead with data set #0" assertions="2" time="0.112877"/>
      </testsuite>
    </testsuite>
    <testsuite name="UseController_Test" file="/var/www/asset_api/src/protected/tests/controllers/UseController.php" tests="3" assertions="4" failures="0" errors="0" time="0.010939">
      <testsuite name="UseController_Test::test_actionAssetError" tests="2" assertions="2" failures="0" errors="0" time="0.002712">
        <testcase name="test_actionAssetError with data set #0" assertions="1" time="0.002444"/>
        <testcase name="test_actionAssetError with data set #1" assertions="1" time="0.000268"/>
      </testsuite>
      <testsuite name="UseController_Test::test_actionAssetUse" tests="1" assertions="2" failures="0" errors="0" time="0.008227">
        <testcase name="test_actionAssetUse with data set #0" assertions="2" time="0.008227"/>
      </testsuite>
    </testsuite>
    <testsuite name="GarbageCollectionCommand_Test" file="/var/www/asset_api/src/protected/tests/commands/GarbageCollectionCommand.php" tests="1" assertions="1" failures="0" errors="0" time="0.199899">
      <testsuite name="GarbageCollectionCommand_Test::test_run" tests="1" assertions="1" failures="0" errors="0" time="0.199899">
        <testcase name="test_run with data set #0" assertions="1" time="0.199899"/>
      </testsuite>
    </testsuite>
  </testsuite>
</testsuites>
