<?xml version="1.0" encoding="UTF-8"?>
<testsuites>
  <testsuite name="assets-api" tests="23" assertions="25" failures="0" errors="0" time="0.544703">
    <testsuite name="AssetType_Test" file="/var/www/asset_api/src/protected/tests/models/AssetType.php" tests="9" assertions="9" failures="0" errors="0" time="0.151972">
      <testsuite name="AssetType_Test::test_getType" tests="9" assertions="9" failures="0" errors="0" time="0.151972">
        <testcase name="test_getType with data set #0" assertions="1" time="0.051826"/>
        <testcase name="test_getType with data set #1" assertions="1" time="0.017712"/>
        <testcase name="test_getType with data set #2" assertions="1" time="0.008443"/>
        <testcase name="test_getType with data set #3" assertions="1" time="0.011328"/>
        <testcase name="test_getType with data set #4" assertions="1" time="0.013866"/>
        <testcase name="test_getType with data set #5" assertions="1" time="0.010561"/>
        <testcase name="test_getType with data set #6" assertions="1" time="0.010492"/>
        <testcase name="test_getType with data set #7" assertions="1" time="0.009021"/>
        <testcase name="test_getType with data set #8" assertions="1" time="0.018723"/>
      </testsuite>
    </testsuite>
    <testsuite name="AssetController_Test" file="/var/www/asset_api/src/protected/tests/controllers/AssetController.php" tests="1" assertions="1" failures="0" errors="0" time="0.005977">
      <testcase name="test_actionIndex" class="AssetController_Test" file="/var/www/asset_api/src/protected/tests/controllers/AssetController.php" line="41" assertions="1" time="0.005977"/>
    </testsuite>
    <testsuite name="CreateController_Test" file="/var/www/asset_api/src/protected/tests/controllers/CreateController.php" tests="2" assertions="2" failures="0" errors="0" time="0.219253">
      <testcase name="test_actionIndexError" class="CreateController_Test" file="/var/www/asset_api/src/protected/tests/controllers/CreateController.php" line="67" assertions="1" time="0.002992"/>
      <testsuite name="CreateController_Test::test_actionAssetCreate" tests="1" assertions="1" failures="0" errors="0" time="0.216261">
        <testcase name="test_actionAssetCreate with data set #0" assertions="1" time="0.216261"/>
      </testsuite>
    </testsuite>
    <testsuite name="DeleteController_Test" file="/var/www/asset_api/src/protected/tests/controllers/DeleteController.php" tests="3" assertions="4" failures="0" errors="0" time="0.137197">
      <testsuite name="DeleteController_Test::test_actionAssetError" tests="2" assertions="2" failures="0" errors="0" time="0.002979">
        <testcase name="test_actionAssetError with data set #0" assertions="1" time="0.002461"/>
        <testcase name="test_actionAssetError with data set #1" assertions="1" time="0.000518"/>
      </testsuite>
      <testsuite name="DeleteController_Test::test_actionAssetDelete" tests="1" assertions="2" failures="0" errors="0" time="0.134218">
        <testcase name="test_actionAssetDelete with data set #0" assertions="2" time="0.134218"/>
      </testsuite>
    </testsuite>
    <testsuite name="ReadController_Test" file="/var/www/asset_api/src/protected/tests/controllers/ReadController.php" tests="5" assertions="5" failures="0" errors="0" time="0.016014">
      <testsuite name="ReadController_Test::test_actionMethodError" tests="4" assertions="4" failures="0" errors="0" time="0.005619">
        <testcase name="test_actionMethodError with data set #0" assertions="1" time="0.002952"/>
        <testcase name="test_actionMethodError with data set #1" assertions="1" time="0.000517"/>
        <testcase name="test_actionMethodError with data set #2" assertions="1" time="0.001555"/>
        <testcase name="test_actionMethodError with data set #3" assertions="1" time="0.000595"/>
      </testsuite>
      <testsuite name="ReadController_Test::test_actionAssetRead" tests="1" assertions="1" failures="0" errors="0" time="0.010395">
        <testcase name="test_actionAssetRead with data set #0" assertions="1" time="0.010395"/>
      </testsuite>
      <testsuite name="ReadController_Test::test_actionImageRead" tests="0" assertions="0" failures="0" errors="0" time="0.000000"/>
    </testsuite>
    <testsuite name="UseController_Test" file="/var/www/asset_api/src/protected/tests/controllers/UseController.php" tests="3" assertions="4" failures="0" errors="0" time="0.014290">
      <testsuite name="UseController_Test::test_actionAssetError" tests="2" assertions="2" failures="0" errors="0" time="0.003791">
        <testcase name="test_actionAssetError with data set #0" assertions="1" time="0.003226"/>
        <testcase name="test_actionAssetError with data set #1" assertions="1" time="0.000565"/>
      </testsuite>
      <testsuite name="UseController_Test::test_actionAssetUse" tests="1" assertions="2" failures="0" errors="0" time="0.010499">
        <testcase name="test_actionAssetUse with data set #0" assertions="2" time="0.010499"/>
      </testsuite>
    </testsuite>
  </testsuite>
</testsuites>
